# JRE version: OpenJDK Runtime Environment Temurin-17.0.4.1+1 (17.0.4.1+1) (build 17.0.4.1+1)
# Java VM: OpenJDK 64-Bit Server VM Temurin-17.0.4.1+1 (17.0.4.1+1, mixed mode, sharing, tiered, compressed oops, compressed class ptrs, g1 gc, windows-amd64)
GC Precious Log:
 CPUs: 4 total, 4 available
 Memory: 12286M
 Large Page Support: Disabled
 NUMA Support: Disabled
 Compressed Oops: Enabled (Zero based)
 Heap Region Size: 2M
 Heap Min Capacity: 8M
 Heap Initial Capacity: 192M
 Heap Max Capacity: 3G
 Pre-touch: Disabled
 Parallel Workers: 4
 Concurrent Workers: 1
 Concurrent Refinement Workers: 4
 Periodic GC: Disabled
Heap:
 garbage-first heap   total 352256K, used 243482K [0x0000000740000000, 0x0000000800000000)
  region size 2048K, 67 young (137216K), 5 survivors (10240K)
 Metaspace       used 82580K, committed 83328K, reserved 1122304K
  class space    used 11118K, committed 11456K, reserved 1048576K
GC Heap History (20 events):
Event: 28.932 GC heap before
{Heap before GC invocations=34 (full 0):
 garbage-first heap   total 141312K, used 121935K [0x0000000740000000, 0x0000000800000000)
  region size 2048K, 30 young (61440K), 2 survivors (4096K)
 Metaspace       used 64492K, committed 65152K, reserved 1105920K
  class space    used 8875K, committed 9152K, reserved 1048576K
}
Event: 28.959 GC heap after
{Heap after GC invocations=35 (full 0):
 garbage-first heap   total 274432K, used 64260K [0x0000000740000000, 0x0000000800000000)
  region size 2048K, 4 young (8192K), 4 survivors (8192K)
 Metaspace       used 64492K, committed 65152K, reserved 1105920K
  class space    used 8875K, committed 9152K, reserved 1048576K
}
Event: 29.886 GC heap before
{Heap before GC invocations=35 (full 0):
 garbage-first heap   total 274432K, used 137988K [0x0000000740000000, 0x0000000800000000)
  region size 2048K, 11 young (22528K), 4 survivors (8192K)
 Metaspace       used 65466K, committed 66176K, reserved 1114112K
  class space    used 9063K, committed 9408K, reserved 1048576K
}
Event: 29.900 GC heap after
{Heap after GC invocations=36 (full 0):
 garbage-first heap   total 274432K, used 65260K [0x0000000740000000, 0x0000000800000000)
  region size 2048K, 5 young (10240K), 5 survivors (10240K)
 Metaspace       used 65466K, committed 66176K, reserved 1114112K
  class space    used 9063K, committed 9408K, reserved 1048576K
}
Event: 30.424 GC heap before
{Heap before GC invocations=36 (full 0):
 garbage-first heap   total 274432K, used 132844K [0x0000000740000000, 0x0000000800000000)
  region size 2048K, 9 young (18432K), 5 survivors (10240K)
 Metaspace       used 65567K, committed 66304K, reserved 1114112K
  class space    used 9063K, committed 9408K, reserved 1048576K
}
Event: 30.440 GC heap after
{Heap after GC invocations=37 (full 0):
 garbage-first heap   total 274432K, used 65918K [0x0000000740000000, 0x0000000800000000)
  region size 2048K, 5 young (10240K), 5 survivors (10240K)
 Metaspace       used 65567K, committed 66304K, reserved 1114112K
  class space    used 9063K, committed 9408K, reserved 1048576K
}
Event: 32.969 GC heap before
{Heap before GC invocations=37 (full 0):
 garbage-first heap   total 274432K, used 248190K [0x0000000740000000, 0x0000000800000000)
  region size 2048K, 80 young (163840K), 5 survivors (10240K)
 Metaspace       used 73462K, committed 74176K, reserved 1114112K
  class space    used 10040K, committed 10368K, reserved 1048576K
}
Event: 33.051 GC heap after
{Heap after GC invocations=38 (full 0):
 garbage-first heap   total 292864K, used 103371K [0x0000000740000000, 0x0000000800000000)
  region size 2048K, 10 young (20480K), 10 survivors (20480K)
 Metaspace       used 73462K, committed 74176K, reserved 1114112K
  class space    used 10040K, committed 10368K, reserved 1048576K
}
Event: 36.388 GC heap before
{Heap before GC invocations=38 (full 0):
 garbage-first heap   total 292864K, used 220107K [0x0000000740000000, 0x0000000800000000)
  region size 2048K, 66 young (135168K), 10 survivors (20480K)
 Metaspace       used 76811K, committed 77568K, reserved 1122304K
  class space    used 10388K, committed 10752K, reserved 1048576K
}
Event: 36.437 GC heap after
{Heap after GC invocations=39 (full 0):
 garbage-first heap   total 352256K, used 114982K [0x0000000740000000, 0x0000000800000000)
  region size 2048K, 9 young (18432K), 9 survivors (18432K)
 Metaspace       used 76811K, committed 77568K, reserved 1122304K
  class space    used 10388K, committed 10752K, reserved 1048576K
}
Event: 39.246 GC heap before
{Heap before GC invocations=39 (full 0):
 garbage-first heap   total 352256K, used 241958K [0x0000000740000000, 0x0000000800000000)
  region size 2048K, 72 young (147456K), 9 survivors (18432K)
 Metaspace       used 81433K, committed 82176K, reserved 1122304K
  class space    used 11044K, committed 11392K, reserved 1048576K
}
Event: 39.275 GC heap after
{Heap after GC invocations=40 (full 0):
 garbage-first heap   total 352256K, used 117930K [0x0000000740000000, 0x0000000800000000)
  region size 2048K, 5 young (10240K), 5 survivors (10240K)
 Metaspace       used 81433K, committed 82176K, reserved 1122304K
  class space    used 11044K, committed 11392K, reserved 1048576K
}
Event: 3832.606 GC heap before
{Heap before GC invocations=40 (full 0):
 garbage-first heap   total 352256K, used 296106K [0x0000000740000000, 0x0000000800000000)
  region size 2048K, 71 young (145408K), 5 survivors (10240K)
 Metaspace       used 82533K, committed 83264K, reserved 1122304K
  class space    used 11116K, committed 11456K, reserved 1048576K
}
Event: 3832.650 GC heap after
{Heap after GC invocations=41 (full 0):
 garbage-first heap   total 352256K, used 119176K [0x0000000740000000, 0x0000000800000000)
  region size 2048K, 5 young (10240K), 5 survivors (10240K)
 Metaspace       used 82533K, committed 83264K, reserved 1122304K
  class space    used 11116K, committed 11456K, reserved 1048576K
}
Event: 10989.203 GC heap before
{Heap before GC invocations=41 (full 0):
 garbage-first heap   total 352256K, used 260488K [0x0000000740000000, 0x0000000800000000)
  region size 2048K, 74 young (151552K), 5 survivors (10240K)
 Metaspace       used 82564K, committed 83264K, reserved 1122304K
  class space    used 11116K, committed 11456K, reserved 1048576K
}
Event: 10989.235 GC heap after
{Heap after GC invocations=42 (full 0):
 garbage-first heap   total 352256K, used 118928K [0x0000000740000000, 0x0000000800000000)
  region size 2048K, 5 young (10240K), 5 survivors (10240K)
 Metaspace       used 82564K, committed 83264K, reserved 1122304K
  class space    used 11116K, committed 11456K, reserved 1048576K
}
Event: 18787.531 GC heap before
{Heap before GC invocations=42 (full 0):
 garbage-first heap   total 352256K, used 268432K [0x0000000740000000, 0x0000000800000000)
  region size 2048K, 78 young (159744K), 5 survivors (10240K)
 Metaspace       used 82579K, committed 83328K, reserved 1122304K
  class space    used 11117K, committed 11456K, reserved 1048576K
}
Event: 18787.548 GC heap after
{Heap after GC invocations=43 (full 0):
 garbage-first heap   total 352256K, used 118873K [0x0000000740000000, 0x0000000800000000)
  region size 2048K, 5 young (10240K), 5 survivors (10240K)
 Metaspace       used 82579K, committed 83328K, reserved 1122304K
  class space    used 11117K, committed 11456K, reserved 1048576K
}
Event: 27073.956 GC heap before
{Heap before GC invocations=43 (full 0):
 garbage-first heap   total 352256K, used 274521K [0x0000000740000000, 0x0000000800000000)
  region size 2048K, 81 young (165888K), 5 survivors (10240K)
 Metaspace       used 82579K, committed 83328K, reserved 1122304K
  class space    used 11117K, committed 11456K, reserved 1048576K
}
Event: 27073.971 GC heap after
{Heap after GC invocations=44 (full 0):
 garbage-first heap   total 352256K, used 118554K [0x0000000740000000, 0x0000000800000000)
  region size 2048K, 5 young (10240K), 5 survivors (10240K)
 Metaspace       used 82579K, committed 83328K, reserved 1122304K
  class space    used 11117K, committed 11456K, reserved 1048576K
}

