# JRE version: OpenJDK Runtime Environment Temurin-17.0.4.1+1 (17.0.4.1+1) (build 17.0.4.1+1)
# Java VM: OpenJDK 64-Bit Server VM Temurin-17.0.4.1+1 (17.0.4.1+1, mixed mode, sharing, tiered, compressed oops, compressed class ptrs, g1 gc, windows-amd64)
GC Precious Log:
 CPUs: 4 total, 4 available
 Memory: 12286M
 Large Page Support: Disabled
 NUMA Support: Disabled
 Compressed Oops: Enabled (Zero based)
 Heap Region Size: 2M
 Heap Min Capacity: 8M
 Heap Initial Capacity: 192M
 Heap Max Capacity: 3G
 Pre-touch: Disabled
 Parallel Workers: 4
 Concurrent Workers: 1
 Concurrent Refinement Workers: 4
 Periodic GC: Disabled
Heap:
 garbage-first heap   total 270336K, used 161816K [0x0000000740000000, 0x0000000800000000)
  region size 2048K, 50 young (102400K), 4 survivors (8192K)
 Metaspace       used 66250K, committed 67008K, reserved 1114112K
  class space    used 9073K, committed 9408K, reserved 1048576K
GC Heap History (20 events):
Event: 18.671 GC heap before
{Heap before GC invocations=22 (full 0):
 garbage-first heap   total 137216K, used 55495K [0x0000000740000000, 0x0000000800000000)
  region size 2048K, 2 young (4096K), 1 survivors (2048K)
 Metaspace       used 60406K, committed 61056K, reserved 1105920K
  class space    used 8256K, committed 8576K, reserved 1048576K
}
Event: 18.675 GC heap after
{Heap after GC invocations=23 (full 0):
 garbage-first heap   total 137216K, used 54816K [0x0000000740000000, 0x0000000800000000)
  region size 2048K, 1 young (2048K), 1 survivors (2048K)
 Metaspace       used 60406K, committed 61056K, reserved 1105920K
  class space    used 8256K, committed 8576K, reserved 1048576K
}
Event: 19.166 GC heap before
{Heap before GC invocations=23 (full 0):
 garbage-first heap   total 137216K, used 87584K [0x0000000740000000, 0x0000000800000000)
  region size 2048K, 7 young (14336K), 1 survivors (2048K)
 Metaspace       used 60713K, committed 61376K, reserved 1105920K
  class space    used 8275K, committed 8576K, reserved 1048576K
}
Event: 19.173 GC heap after
{Heap after GC invocations=24 (full 0):
 garbage-first heap   total 137216K, used 56291K [0x0000000740000000, 0x0000000800000000)
  region size 2048K, 1 young (2048K), 1 survivors (2048K)
 Metaspace       used 60713K, committed 61376K, reserved 1105920K
  class space    used 8275K, committed 8576K, reserved 1048576K
}
Event: 19.361 GC heap before
{Heap before GC invocations=24 (full 0):
 garbage-first heap   total 137216K, used 80867K [0x0000000740000000, 0x0000000800000000)
  region size 2048K, 3 young (6144K), 1 survivors (2048K)
 Metaspace       used 60780K, committed 61440K, reserved 1105920K
  class space    used 8276K, committed 8576K, reserved 1048576K
}
Event: 19.366 GC heap after
{Heap after GC invocations=25 (full 0):
 garbage-first heap   total 137216K, used 56283K [0x0000000740000000, 0x0000000800000000)
  region size 2048K, 1 young (2048K), 1 survivors (2048K)
 Metaspace       used 60780K, committed 61440K, reserved 1105920K
  class space    used 8276K, committed 8576K, reserved 1048576K
}
Event: 19.381 GC heap before
{Heap before GC invocations=25 (full 0):
 garbage-first heap   total 137216K, used 58331K [0x0000000740000000, 0x0000000800000000)
  region size 2048K, 2 young (4096K), 1 survivors (2048K)
 Metaspace       used 60780K, committed 61440K, reserved 1105920K
  class space    used 8276K, committed 8576K, reserved 1048576K
}
Event: 19.386 GC heap after
{Heap after GC invocations=26 (full 0):
 garbage-first heap   total 270336K, used 56455K [0x0000000740000000, 0x0000000800000000)
  region size 2048K, 1 young (2048K), 1 survivors (2048K)
 Metaspace       used 60780K, committed 61440K, reserved 1105920K
  class space    used 8276K, committed 8576K, reserved 1048576K
}
Event: 21.542 GC heap before
{Heap before GC invocations=26 (full 0):
 garbage-first heap   total 270336K, used 185479K [0x0000000740000000, 0x0000000800000000)
  region size 2048K, 35 young (71680K), 1 survivors (2048K)
 Metaspace       used 64597K, committed 65280K, reserved 1105920K
  class space    used 8970K, committed 9280K, reserved 1048576K
}
Event: 21.561 GC heap after
{Heap after GC invocations=27 (full 0):
 garbage-first heap   total 270336K, used 62924K [0x0000000740000000, 0x0000000800000000)
  region size 2048K, 5 young (10240K), 5 survivors (10240K)
 Metaspace       used 64597K, committed 65280K, reserved 1105920K
  class space    used 8970K, committed 9280K, reserved 1048576K
}
Event: 22.082 GC heap before
{Heap before GC invocations=27 (full 0):
 garbage-first heap   total 270336K, used 132556K [0x0000000740000000, 0x0000000800000000)
  region size 2048K, 9 young (18432K), 5 survivors (10240K)
 Metaspace       used 64698K, committed 65344K, reserved 1105920K
  class space    used 8971K, committed 9280K, reserved 1048576K
}
Event: 22.098 GC heap after
{Heap after GC invocations=28 (full 0):
 garbage-first heap   total 270336K, used 63741K [0x0000000740000000, 0x0000000800000000)
  region size 2048K, 5 young (10240K), 5 survivors (10240K)
 Metaspace       used 64698K, committed 65344K, reserved 1105920K
  class space    used 8971K, committed 9280K, reserved 1048576K
}
Event: 24.073 GC heap before
{Heap before GC invocations=28 (full 0):
 garbage-first heap   total 270336K, used 221437K [0x0000000740000000, 0x0000000800000000)
  region size 2048K, 52 young (106496K), 5 survivors (10240K)
 Metaspace       used 65258K, committed 65984K, reserved 1114112K
  class space    used 9013K, committed 9344K, reserved 1048576K
}
Event: 24.101 GC heap after
{Heap after GC invocations=29 (full 0):
 garbage-first heap   total 270336K, used 68865K [0x0000000740000000, 0x0000000800000000)
  region size 2048K, 7 young (14336K), 7 survivors (14336K)
 Metaspace       used 65258K, committed 65984K, reserved 1114112K
  class space    used 9013K, committed 9344K, reserved 1048576K
}
Event: 4563.285 GC heap before
{Heap before GC invocations=29 (full 0):
 garbage-first heap   total 270336K, used 232705K [0x0000000740000000, 0x0000000800000000)
  region size 2048K, 79 young (161792K), 7 survivors (14336K)
 Metaspace       used 66213K, committed 66944K, reserved 1114112K
  class space    used 9071K, committed 9408K, reserved 1048576K
}
Event: 4563.311 GC heap after
{Heap after GC invocations=30 (full 0):
 garbage-first heap   total 270336K, used 70178K [0x0000000740000000, 0x0000000800000000)
  region size 2048K, 4 young (8192K), 4 survivors (8192K)
 Metaspace       used 66213K, committed 66944K, reserved 1114112K
  class space    used 9071K, committed 9408K, reserved 1048576K
}
Event: 10462.843 GC heap before
{Heap before GC invocations=30 (full 0):
 garbage-first heap   total 270336K, used 219682K [0x0000000740000000, 0x0000000800000000)
  region size 2048K, 77 young (157696K), 4 survivors (8192K)
 Metaspace       used 66234K, committed 66944K, reserved 1114112K
  class space    used 9073K, committed 9408K, reserved 1048576K
}
Event: 10462.853 GC heap after
{Heap after GC invocations=31 (full 0):
 garbage-first heap   total 270336K, used 70159K [0x0000000740000000, 0x0000000800000000)
  region size 2048K, 4 young (8192K), 4 survivors (8192K)
 Metaspace       used 66234K, committed 66944K, reserved 1114112K
  class space    used 9073K, committed 9408K, reserved 1048576K
}
Event: 18069.253 GC heap before
{Heap before GC invocations=31 (full 0):
 garbage-first heap   total 270336K, used 223759K [0x0000000740000000, 0x0000000800000000)
  region size 2048K, 79 young (161792K), 4 survivors (8192K)
 Metaspace       used 66250K, committed 67008K, reserved 1114112K
  class space    used 9073K, committed 9408K, reserved 1048576K
}
Event: 18069.265 GC heap after
{Heap after GC invocations=32 (full 0):
 garbage-first heap   total 270336K, used 69656K [0x0000000740000000, 0x0000000800000000)
  region size 2048K, 4 young (8192K), 4 survivors (8192K)
 Metaspace       used 66250K, committed 67008K, reserved 1114112K
  class space    used 9073K, committed 9408K, reserved 1048576K
}

