# JRE version: OpenJDK Runtime Environment Temurin-17.0.4.1+1 (17.0.4.1+1) (build 17.0.4.1+1)
# Java VM: OpenJDK 64-Bit Server VM Temurin-17.0.4.1+1 (17.0.4.1+1, mixed mode, sharing, tiered, compressed oops, compressed class ptrs, g1 gc, windows-amd64)
GC Precious Log:
 CPUs: 4 total, 4 available
 Memory: 12286M
 Large Page Support: Disabled
 NUMA Support: Disabled
 Compressed Oops: Enabled (Zero based)
 Heap Region Size: 2M
 Heap Min Capacity: 8M
 Heap Initial Capacity: 192M
 Heap Max Capacity: 3G
 Pre-touch: Disabled
 Parallel Workers: 4
 Concurrent Workers: 1
 Concurrent Refinement Workers: 4
 Periodic GC: Disabled
Heap:
 garbage-first heap   total 342016K, used 151225K [0x0000000740000000, 0x0000000800000000)
  region size 2048K, 37 young (75776K), 4 survivors (8192K)
 Metaspace       used 77105K, committed 77888K, reserved 1122304K
  class space    used 10398K, committed 10752K, reserved 1048576K
GC Heap History (20 events):
Event: 23.960 GC heap before
{Heap before GC invocations=30 (full 0):
 garbage-first heap   total 165888K, used 72464K [0x0000000740000000, 0x0000000800000000)
  region size 2048K, 2 young (4096K), 1 survivors (2048K)
 Metaspace       used 64582K, committed 65280K, reserved 1105920K
  class space    used 8969K, committed 9280K, reserved 1048576K
}
Event: 23.964 GC heap after
{Heap after GC invocations=31 (full 0):
 garbage-first heap   total 342016K, used 64051K [0x0000000740000000, 0x0000000800000000)
  region size 2048K, 1 young (2048K), 1 survivors (2048K)
 Metaspace       used 64582K, committed 65280K, reserved 1105920K
  class space    used 8969K, committed 9280K, reserved 1048576K
}
Event: 25.777 GC heap before
{Heap before GC invocations=31 (full 0):
 garbage-first heap   total 342016K, used 256563K [0x0000000740000000, 0x0000000800000000)
  region size 2048K, 54 young (110592K), 1 survivors (2048K)
 Metaspace       used 67203K, committed 67968K, reserved 1114112K
  class space    used 9323K, committed 9728K, reserved 1048576K
}
Event: 25.830 GC heap after
{Heap after GC invocations=32 (full 0):
 garbage-first heap   total 342016K, used 85473K [0x0000000740000000, 0x0000000800000000)
  region size 2048K, 10 young (20480K), 10 survivors (20480K)
 Metaspace       used 67203K, committed 67968K, reserved 1114112K
  class space    used 9323K, committed 9728K, reserved 1048576K
}
Event: 29.773 GC heap before
{Heap before GC invocations=32 (full 0):
 garbage-first heap   total 342016K, used 284129K [0x0000000740000000, 0x0000000800000000)
  region size 2048K, 99 young (202752K), 10 survivors (20480K)
 Metaspace       used 75760K, committed 76480K, reserved 1122304K
  class space    used 10298K, committed 10624K, reserved 1048576K
}
Event: 29.806 GC heap after
{Heap after GC invocations=33 (full 0):
 garbage-first heap   total 342016K, used 89552K [0x0000000740000000, 0x0000000800000000)
  region size 2048K, 4 young (8192K), 4 survivors (8192K)
 Metaspace       used 75760K, committed 76480K, reserved 1122304K
  class space    used 10298K, committed 10624K, reserved 1048576K
}
Event: 4127.274 GC heap before
{Heap before GC invocations=33 (full 0):
 garbage-first heap   total 342016K, used 314832K [0x0000000740000000, 0x0000000800000000)
  region size 2048K, 94 young (192512K), 4 survivors (8192K)
 Metaspace       used 76882K, committed 77632K, reserved 1122304K
  class space    used 10368K, committed 10752K, reserved 1048576K
}
Event: 4127.310 GC heap after
{Heap after GC invocations=34 (full 0):
 garbage-first heap   total 342016K, used 86262K [0x0000000740000000, 0x0000000800000000)
  region size 2048K, 5 young (10240K), 5 survivors (10240K)
 Metaspace       used 76882K, committed 77632K, reserved 1122304K
  class space    used 10368K, committed 10752K, reserved 1048576K
}
Event: 13374.273 GC heap before
{Heap before GC invocations=34 (full 0):
 garbage-first heap   total 342016K, used 270582K [0x0000000740000000, 0x0000000800000000)
  region size 2048K, 95 young (194560K), 5 survivors (10240K)
 Metaspace       used 76909K, committed 77696K, reserved 1122304K
  class space    used 10368K, committed 10752K, reserved 1048576K
}
Event: 13374.302 GC heap after
{Heap after GC invocations=35 (full 0):
 garbage-first heap   total 342016K, used 86189K [0x0000000740000000, 0x0000000800000000)
  region size 2048K, 5 young (10240K), 5 survivors (10240K)
 Metaspace       used 76909K, committed 77696K, reserved 1122304K
  class space    used 10368K, committed 10752K, reserved 1048576K
}
Event: 23057.273 GC heap before
{Heap before GC invocations=35 (full 0):
 garbage-first heap   total 342016K, used 278701K [0x0000000740000000, 0x0000000800000000)
  region size 2048K, 99 young (202752K), 5 survivors (10240K)
 Metaspace       used 76914K, committed 77696K, reserved 1122304K
  class space    used 10369K, committed 10752K, reserved 1048576K
}
Event: 23057.302 GC heap after
{Heap after GC invocations=36 (full 0):
 garbage-first heap   total 342016K, used 86450K [0x0000000740000000, 0x0000000800000000)
  region size 2048K, 5 young (10240K), 5 survivors (10240K)
 Metaspace       used 76914K, committed 77696K, reserved 1122304K
  class space    used 10369K, committed 10752K, reserved 1048576K
}
Event: 32854.273 GC heap before
{Heap before GC invocations=36 (full 0):
 garbage-first heap   total 342016K, used 281010K [0x0000000740000000, 0x0000000800000000)
  region size 2048K, 100 young (204800K), 5 survivors (10240K)
 Metaspace       used 76915K, committed 77696K, reserved 1122304K
  class space    used 10370K, committed 10752K, reserved 1048576K
}
Event: 32854.286 GC heap after
{Heap after GC invocations=37 (full 0):
 garbage-first heap   total 342016K, used 86077K [0x0000000740000000, 0x0000000800000000)
  region size 2048K, 5 young (10240K), 5 survivors (10240K)
 Metaspace       used 76915K, committed 77696K, reserved 1122304K
  class space    used 10370K, committed 10752K, reserved 1048576K
}
Event: 42665.274 GC heap before
{Heap before GC invocations=37 (full 0):
 garbage-first heap   total 342016K, used 280637K [0x0000000740000000, 0x0000000800000000)
  region size 2048K, 100 young (204800K), 5 survivors (10240K)
 Metaspace       used 76915K, committed 77696K, reserved 1122304K
  class space    used 10370K, committed 10752K, reserved 1048576K
}
Event: 42665.302 GC heap after
{Heap after GC invocations=38 (full 0):
 garbage-first heap   total 342016K, used 86078K [0x0000000740000000, 0x0000000800000000)
  region size 2048K, 5 young (10240K), 5 survivors (10240K)
 Metaspace       used 76915K, committed 77696K, reserved 1122304K
  class space    used 10370K, committed 10752K, reserved 1048576K
}
Event: 52370.273 GC heap before
{Heap before GC invocations=38 (full 0):
 garbage-first heap   total 342016K, used 280638K [0x0000000740000000, 0x0000000800000000)
  region size 2048K, 100 young (204800K), 5 survivors (10240K)
 Metaspace       used 77101K, committed 77888K, reserved 1122304K
  class space    used 10398K, committed 10752K, reserved 1048576K
}
Event: 52370.290 GC heap after
{Heap after GC invocations=39 (full 0):
 garbage-first heap   total 342016K, used 85689K [0x0000000740000000, 0x0000000800000000)
  region size 2048K, 4 young (8192K), 4 survivors (8192K)
 Metaspace       used 77101K, committed 77888K, reserved 1122304K
  class space    used 10398K, committed 10752K, reserved 1048576K
}
Event: 62189.343 GC heap before
{Heap before GC invocations=39 (full 0):
 garbage-first heap   total 342016K, used 282297K [0x0000000740000000, 0x0000000800000000)
  region size 2048K, 100 young (204800K), 4 survivors (8192K)
 Metaspace       used 77103K, committed 77888K, reserved 1122304K
  class space    used 10398K, committed 10752K, reserved 1048576K
}
Event: 62189.673 GC heap after
{Heap after GC invocations=40 (full 0):
 garbage-first heap   total 342016K, used 85689K [0x0000000740000000, 0x0000000800000000)
  region size 2048K, 4 young (8192K), 4 survivors (8192K)
 Metaspace       used 77103K, committed 77888K, reserved 1122304K
  class space    used 10398K, committed 10752K, reserved 1048576K
}

